E:\Учеба\ОАиП\лабы\compare sort\Debug\cl.command.1.tlog
E:\Учеба\ОАиП\лабы\compare sort\Debug\CL.read.1.tlog
E:\Учеба\ОАиП\лабы\compare sort\Debug\CL.write.1.tlog
E:\Учеба\ОАиП\лабы\compare sort\Debug\link.3276.read.1.tlog
E:\Учеба\ОАиП\лабы\compare sort\Debug\link.3276.write.1.tlog
E:\Учеба\ОАиП\лабы\compare sort\Debug\link.3276-cvtres.read.1.tlog
E:\Учеба\ОАиП\лабы\compare sort\Debug\link.3276-cvtres.write.1.tlog
E:\Учеба\ОАиП\лабы\compare sort\Debug\link.command.1.tlog
E:\Учеба\ОАиП\лабы\compare sort\Debug\link.read.1.tlog
E:\Учеба\ОАиП\лабы\compare sort\Debug\link.write.1.tlog
E:\Учеба\ОАиП\лабы\compare sort\Debug\link-cvtres.read.1.tlog
E:\Учеба\ОАиП\лабы\compare sort\Debug\link-cvtres.write.1.tlog
E:\Учеба\ОАиП\лабы\compare sort\Debug\mt.command.1.tlog
E:\Учеба\ОАиП\лабы\compare sort\Debug\mt.read.1.tlog
E:\Учеба\ОАиП\лабы\compare sort\Debug\mt.write.1.tlog
E:\Учеба\ОАиП\лабы\compare sort\Debug\rc.command.1.tlog
E:\Учеба\ОАиП\лабы\compare sort\Debug\rc.read.1.tlog
E:\Учеба\ОАиП\лабы\compare sort\Debug\rc.write.1.tlog
E:\Учеба\ОАиП\лабы\COMPARE SORT\DEBUG\SORT.OBJ
E:\Учеба\ОАиП\лабы\COMPARE SORT\DEBUG\TEST.OBJ
E:\Учеба\ОАиП\лабы\compare sort\Debug\vc100.idb
E:\УЧЕБА\ОАИП\ЛАБЫ\COMPARE SORT\DEBUG\VC100.PDB
E:\Учеба\ОАиП\лабы\COMPARE SORT\DEBUG\сортировка.EXE
E:\Учеба\ОАиП\лабы\compare sort\Debug\сортировка.exe.embed.manifest
E:\Учеба\ОАиП\лабы\COMPARE SORT\DEBUG\сортировка.EXE.EMBED.MANIFEST.RES
E:\Учеба\ОАиП\лабы\COMPARE SORT\DEBUG\сортировка.EXE.INTERMEDIATE.MANIFEST
E:\Учеба\ОАиП\лабы\COMPARE SORT\DEBUG\сортировка.ILK
E:\УЧЕБА\ОАИП\ЛАБЫ\COMPARE SORT\DEBUG\СОРТИРОВКА.PDB
E:\Учеба\ОАиП\лабы\compare sort\Debug\сортировка.vcxprojResolveAssemblyReference.cache
E:\Учеба\ОАиП\лабы\compare sort\Debug\сортировка.write.1.tlog
E:\Учеба\ОАиП\лабы\compare sort\Debug\сортировка_manifest.rc
