f:\матрица\debug\матрица.obj
f:\матрица\debug\vc100.pdb
h:\матрица\debug\матрица.obj
h:\матрица\debug\vc100.pdb
f:\матрица\debug\матрица.ilk
f:\матрица\debug\матрица.exe
f:\матрица\debug\матрица.exe.intermediate.manifest
f:\матрица\debug\матрица.pdb
h:\матрица\debug\матрица.ilk
h:\матрица\debug\матрица.exe
h:\матрица\debug\матрица.exe.intermediate.manifest
h:\матрица\debug\матрица.pdb
f:\матрица\debug\матрица.exe.embed.manifest
h:\матрица\debug\матрица.exe.embed.manifest
f:\матрица\debug\матрица.exe.embed.manifest.res
h:\матрица\debug\матрица.exe.embed.manifest.res
e:\учеба\оаип\лабы\матрица\debug\vc140.pdb
e:\учеба\оаип\лабы\матрица\debug\vc140.idb
e:\учеба\оаип\лабы\матрица\debug\матрица.obj
e:\учеба\оаип\лабы\матрица\debug\матрица.vcxprojresolveassemblyreference.cache
e:\учеба\оаип\лабы\матрица\debug\cl.command.1.tlog
e:\учеба\оаип\лабы\матрица\debug\cl.read.1.tlog
e:\учеба\оаип\лабы\матрица\debug\cl.write.1.tlog
e:\учеба\оаип\лабы\матрица\debug\link-cvtres.read.1.tlog
e:\учеба\оаип\лабы\матрица\debug\link-cvtres.write.1.tlog
e:\учеба\оаип\лабы\матрица\debug\link.11152-cvtres.read.1.tlog
e:\учеба\оаип\лабы\матрица\debug\link.11152-cvtres.write.1.tlog
e:\учеба\оаип\лабы\матрица\debug\link.11152.read.1.tlog
e:\учеба\оаип\лабы\матрица\debug\link.11152.write.1.tlog
e:\учеба\оаип\лабы\матрица\debug\link.12496-cvtres.read.1.tlog
e:\учеба\оаип\лабы\матрица\debug\link.12496-cvtres.write.1.tlog
e:\учеба\оаип\лабы\матрица\debug\link.12496.read.1.tlog
e:\учеба\оаип\лабы\матрица\debug\link.12496.write.1.tlog
e:\учеба\оаип\лабы\матрица\debug\link.2284-cvtres.read.1.tlog
e:\учеба\оаип\лабы\матрица\debug\link.2284-cvtres.write.1.tlog
e:\учеба\оаип\лабы\матрица\debug\link.2284.read.1.tlog
e:\учеба\оаип\лабы\матрица\debug\link.2284.write.1.tlog
e:\учеба\оаип\лабы\матрица\debug\link.3440-cvtres.read.1.tlog
e:\учеба\оаип\лабы\матрица\debug\link.3440-cvtres.write.1.tlog
e:\учеба\оаип\лабы\матрица\debug\link.3440.read.1.tlog
e:\учеба\оаип\лабы\матрица\debug\link.3440.write.1.tlog
e:\учеба\оаип\лабы\матрица\debug\link.command.1.tlog
e:\учеба\оаип\лабы\матрица\debug\link.read.1.tlog
e:\учеба\оаип\лабы\матрица\debug\link.write.1.tlog
e:\учеба\оаип\лабы\матрица\debug\mt.command.1.tlog
e:\учеба\оаип\лабы\матрица\debug\mt.read.1.tlog
e:\учеба\оаип\лабы\матрица\debug\mt.write.1.tlog
e:\учеба\оаип\лабы\матрица\debug\rc.command.1.tlog
e:\учеба\оаип\лабы\матрица\debug\rc.read.1.tlog
e:\учеба\оаип\лабы\матрица\debug\rc.write.1.tlog
e:\учеба\оаип\лабы\матрица\debug\матрица.write.1.tlog
e:\учеба\оаип\лабы\матрица\debug\матрица.exe.embed.manifest
e:\учеба\оаип\лабы\матрица\debug\матрица.exe.intermediate.manifest
e:\учеба\оаип\лабы\матрица\debug\матрица.exe.embed.manifest.res
e:\учеба\оаип\лабы\матрица\debug\vc100.idb
e:\учеба\оаип\лабы\матрица\debug\vc100.pdb
e:\учеба\оаип\лабы\матрица\debug\матрица.pdb
e:\учеба\оаип\лабы\матрица\debug\матрица_manifest.rc
e:\учеба\оаип\лабы\матрица\debug\матрица.tlog\cl.command.1.tlog
e:\учеба\оаип\лабы\матрица\debug\матрица.tlog\cl.read.1.tlog
e:\учеба\оаип\лабы\матрица\debug\матрица.tlog\cl.write.1.tlog
e:\учеба\оаип\лабы\матрица\debug\матрица.tlog\link-cvtres.read.1.tlog
e:\учеба\оаип\лабы\матрица\debug\матрица.tlog\link-cvtres.write.1.tlog
e:\учеба\оаип\лабы\матрица\debug\матрица.tlog\link-rc.read.1.tlog
e:\учеба\оаип\лабы\матрица\debug\матрица.tlog\link-rc.write.1.tlog
e:\учеба\оаип\лабы\матрица\debug\матрица.tlog\link.command.1.tlog
e:\учеба\оаип\лабы\матрица\debug\матрица.tlog\link.read.1.tlog
e:\учеба\оаип\лабы\матрица\debug\матрица.tlog\link.write.1.tlog
