E:\Проекты\VS 10\сжатие\DEBUG\сжатие.EXE
E:\Проекты\VS 10\сжатие\DEBUG\сжатие.ILK
E:\ПРОЕКТЫ\VS 10\СЖАТИЕ\DEBUG\СЖАТИЕ.PDB
E:\Проекты\VS 10\сжатие\сжатие\Debug\cl.command.1.tlog
E:\Проекты\VS 10\сжатие\сжатие\Debug\CL.read.1.tlog
E:\Проекты\VS 10\сжатие\сжатие\Debug\CL.write.1.tlog
E:\Проекты\VS 10\сжатие\сжатие\DEBUG\LIBRARY.OBJ
E:\Проекты\VS 10\сжатие\сжатие\Debug\link.7408.read.1.tlog
E:\Проекты\VS 10\сжатие\сжатие\Debug\link.7408.write.1.tlog
E:\Проекты\VS 10\сжатие\сжатие\Debug\link.7408-cvtres.read.1.tlog
E:\Проекты\VS 10\сжатие\сжатие\Debug\link.7408-cvtres.write.1.tlog
E:\Проекты\VS 10\сжатие\сжатие\Debug\link.command.1.tlog
E:\Проекты\VS 10\сжатие\сжатие\Debug\link.read.1.tlog
E:\Проекты\VS 10\сжатие\сжатие\Debug\link.write.1.tlog
E:\Проекты\VS 10\сжатие\сжатие\Debug\link-cvtres.read.1.tlog
E:\Проекты\VS 10\сжатие\сжатие\Debug\link-cvtres.write.1.tlog
E:\Проекты\VS 10\сжатие\сжатие\DEBUG\MAIN.OBJ
E:\Проекты\VS 10\сжатие\сжатие\Debug\mt.command.1.tlog
E:\Проекты\VS 10\сжатие\сжатие\Debug\mt.read.1.tlog
E:\Проекты\VS 10\сжатие\сжатие\Debug\mt.write.1.tlog
E:\Проекты\VS 10\сжатие\сжатие\Debug\rc.command.1.tlog
E:\Проекты\VS 10\сжатие\сжатие\Debug\rc.read.1.tlog
E:\Проекты\VS 10\сжатие\сжатие\Debug\rc.write.1.tlog
E:\Проекты\VS 10\сжатие\сжатие\Debug\vc100.idb
E:\ПРОЕКТЫ\VS 10\СЖАТИЕ\СЖАТИЕ\DEBUG\VC100.PDB
E:\Проекты\VS 10\сжатие\сжатие\DEBUG\сжатие.EXE.EMBED.MANIFEST
E:\Проекты\VS 10\сжатие\сжатие\DEBUG\сжатие.EXE.EMBED.MANIFEST.RES
E:\Проекты\VS 10\сжатие\сжатие\DEBUG\сжатие.EXE.INTERMEDIATE.MANIFEST
E:\Проекты\VS 10\сжатие\сжатие\Debug\сжатие.vcxprojResolveAssemblyReference.cache
E:\Проекты\VS 10\сжатие\сжатие\Debug\сжатие.write.1.tlog
E:\Проекты\VS 10\сжатие\сжатие\Debug\сжатие_manifest.rc
